
> react_repo@0.0.0 dev /Users/seanwentz/Desktop/Apex/apps/frontend
> yes | pnpm install && vite

Scope: all 5 workspace projects

Done in 1.9s

  VITE v6.3.5  ready in 194 ms

  ➜  Local:   http://localhost:5522/
  ➜  Network: use --host to expose
6:58:34 AM [vite] (client) hmr update /src/components/CallLogDetailsModal.tsx, /src/index.css
6:58:34 AM [vite] (client) hmr update /src/components/CallLogDetailsModal.tsx, /src/index.css
7:00:15 AM [vite] (client) hmr update /src/components/CallLogDetailsModal.tsx, /src/index.css
7:03:53 AM [vite] (client) hmr update /src/pages/CallDetails.tsx, /src/index.css
7:07:10 AM [vite] (client) hmr update /src/index.css, /src/pages/VapiDashboard.tsx, /src/pages/CampaignSetupWizard.tsx, /src/components/ai-crm/CampaignEditWizard.tsx, /src/components/ai-crm/SimpleCampaignWizard.tsx
7:09:04 AM [vite] (client) page reload src/services/user-service.ts
7:10:49 AM [vite] (client) page reload src/services/user-service.ts
7:11:18 AM [vite] (client) page reload src/services/user-service.ts
7:12:40 AM [vite] (client) page reload src/services/user-service.ts
7:16:50 AM [vite] (client) hmr update /src/components/CallLogDetailsModal.tsx, /src/index.css
3:01:00 PM [vite] http proxy error: /api/health
AggregateError [ECONNREFUSED]: 
    at internalConnectMultiple (node:net:1134:18)
    at afterConnectMultiple (node:net:1715:7)
7:13:31 PM [vite] (client) hmr update /src/pages/OrganizationSettingsV2.tsx, /src/index.css
7:14:46 PM [vite] (client) hmr update /src/pages/OrganizationSettingsV2.tsx, /src/index.css
7:28:13 PM [vite] (client) hmr update /src/pages/OrganizationSettingsV2.tsx, /src/index.css
9:09:03 AM [vite] http proxy error: /api/health
AggregateError [ECONNREFUSED]: 
    at internalConnectMultiple (node:net:1134:18)
    at afterConnectMultiple (node:net:1715:7)
9:11:24 AM [vite] (client) hmr update /src/pages/PlatformOwnerDashboard.tsx, /src/index.css
9:12:19 AM [vite] (client) hmr update /src/App.tsx, /src/index.css
9:12:24 AM [vite] (client) hmr update /src/App.tsx, /src/index.css
9:13:15 AM [vite] (client) hmr update /src/components/PlatformMonitoringDashboard.tsx, /src/index.css
9:13:23 AM [vite] (client) hmr update /src/components/PlatformMonitoringDashboard.tsx, /src/index.css
9:13:23 AM [vite] Internal server error: /Users/seanwentz/Desktop/Apex/apps/frontend/src/components/PlatformMonitoringDashboard.tsx: Identifier 'fetchMetrics' has already been declared. (146:8)

  144 |
  145 |   // Fetch platform metrics
> 146 |   const fetchMetrics = useCallback(async () => {
      |         ^
  147 |     try {
  148 |       const token = await getToken();
  149 |       const response = await fetch(`${API_BASE_URL}/api/platform-monitoring/metrics`, {
  Plugin: vite:react-babel
  File: /Users/seanwentz/Desktop/Apex/apps/frontend/src/components/PlatformMonitoringDashboard.tsx:146:8
  144|  
  145|    // Fetch platform metrics
  146|    const fetchMetrics = useCallback(async () => {
     |          ^
  147|      try {
  148|        const token = await getToken();
      at constructor (/Users/seanwentz/Desktop/Apex/node_modules/.pnpm/@babel+parser@7.28.0/node_modules/@babel/parser/lib/index.js:367:19)
      at TypeScriptParserMixin.raise (/Users/seanwentz/Desktop/Apex/node_modules/.pnpm/@babel+parser@7.28.0/node_modules/@babel/parser/lib/index.js:6627:19)
      at TypeScriptScopeHandler.checkRedeclarationInScope (/Users/seanwentz/Desktop/Apex/node_modules/.pnpm/@babel+parser@7.28.0/node_modules/@babel/parser/lib/index.js:1644:19)
      at TypeScriptScopeHandler.declareName (/Users/seanwentz/Desktop/Apex/node_modules/.pnpm/@babel+parser@7.28.0/node_modules/@babel/parser/lib/index.js:1610:12)
      at TypeScriptScopeHandler.declareName (/Users/seanwentz/Desktop/Apex/node_modules/.pnpm/@babel+parser@7.28.0/node_modules/@babel/parser/lib/index.js:4910:11)
      at TypeScriptParserMixin.declareNameFromIdentifier (/Users/seanwentz/Desktop/Apex/node_modules/.pnpm/@babel+parser@7.28.0/node_modules/@babel/parser/lib/index.js:7591:16)
      at TypeScriptParserMixin.checkIdentifier (/Users/seanwentz/Desktop/Apex/node_modules/.pnpm/@babel+parser@7.28.0/node_modules/@babel/parser/lib/index.js:7587:12)
      at TypeScriptParserMixin.checkLVal (/Users/seanwentz/Desktop/Apex/node_modules/.pnpm/@babel+parser@7.28.0/node_modules/@babel/parser/lib/index.js:7526:12)
      at TypeScriptParserMixin.parseVarId (/Users/seanwentz/Desktop/Apex/node_modules/.pnpm/@babel+parser@7.28.0/node_modules/@babel/parser/lib/index.js:13412:10)
      at TypeScriptParserMixin.parseVarId (/Users/seanwentz/Desktop/Apex/node_modules/.pnpm/@babel+parser@7.28.0/node_modules/@babel/parser/lib/index.js:9767:11)
      at TypeScriptParserMixin.parseVar (/Users/seanwentz/Desktop/Apex/node_modules/.pnpm/@babel+parser@7.28.0/node_modules/@babel/parser/lib/index.js:13383:12)
      at TypeScriptParserMixin.parseVarStatement (/Users/seanwentz/Desktop/Apex/node_modules/.pnpm/@babel+parser@7.28.0/node_modules/@babel/parser/lib/index.js:13230:10)
      at TypeScriptParserMixin.parseVarStatement (/Users/seanwentz/Desktop/Apex/node_modules/.pnpm/@babel+parser@7.28.0/node_modules/@babel/parser/lib/index.js:9493:31)
      at TypeScriptParserMixin.parseStatementContent (/Users/seanwentz/Desktop/Apex/node_modules/.pnpm/@babel+parser@7.28.0/node_modules/@babel/parser/lib/index.js:12851:23)
      at TypeScriptParserMixin.parseStatementContent (/Users/seanwentz/Desktop/Apex/node_modules/.pnpm/@babel+parser@7.28.0/node_modules/@babel/parser/lib/index.js:9527:18)
      at TypeScriptParserMixin.parseStatementLike (/Users/seanwentz/Desktop/Apex/node_modules/.pnpm/@babel+parser@7.28.0/node_modules/@babel/parser/lib/index.js:12767:17)
      at TypeScriptParserMixin.parseStatementListItem (/Users/seanwentz/Desktop/Apex/node_modules/.pnpm/@babel+parser@7.28.0/node_modules/@babel/parser/lib/index.js:12747:17)
      at TypeScriptParserMixin.parseBlockOrModuleBlockBody (/Users/seanwentz/Desktop/Apex/node_modules/.pnpm/@babel+parser@7.28.0/node_modules/@babel/parser/lib/index.js:13316:61)
      at TypeScriptParserMixin.parseBlockBody (/Users/seanwentz/Desktop/Apex/node_modules/.pnpm/@babel+parser@7.28.0/node_modules/@babel/parser/lib/index.js:13309:10)
      at TypeScriptParserMixin.parseBlock (/Users/seanwentz/Desktop/Apex/node_modules/.pnpm/@babel+parser@7.28.0/node_modules/@babel/parser/lib/index.js:13297:10)
      at TypeScriptParserMixin.parseFunctionBody (/Users/seanwentz/Desktop/Apex/node_modules/.pnpm/@babel+parser@7.28.0/node_modules/@babel/parser/lib/index.js:12101:24)
      at TypeScriptParserMixin.parseFunctionBodyAndFinish (/Users/seanwentz/Desktop/Apex/node_modules/.pnpm/@babel+parser@7.28.0/node_modules/@babel/parser/lib/index.js:12087:10)
      at TypeScriptParserMixin.parseFunctionBodyAndFinish (/Users/seanwentz/Desktop/Apex/node_modules/.pnpm/@babel+parser@7.28.0/node_modules/@babel/parser/lib/index.js:9248:18)
      at /Users/seanwentz/Desktop/Apex/node_modules/.pnpm/@babel+parser@7.28.0/node_modules/@babel/parser/lib/index.js:13445:12
      at TypeScriptParserMixin.withSmartMixTopicForbiddingContext (/Users/seanwentz/Desktop/Apex/node_modules/.pnpm/@babel+parser@7.28.0/node_modules/@babel/parser/lib/index.js:12404:14)
      at TypeScriptParserMixin.parseFunction (/Users/seanwentz/Desktop/Apex/node_modules/.pnpm/@babel+parser@7.28.0/node_modules/@babel/parser/lib/index.js:13444:10)
      at TypeScriptParserMixin.parseExportDefaultExpression (/Users/seanwentz/Desktop/Apex/node_modules/.pnpm/@babel+parser@7.28.0/node_modules/@babel/parser/lib/index.js:13907:19)
      at TypeScriptParserMixin.parseExportDefaultExpression (/Users/seanwentz/Desktop/Apex/node_modules/.pnpm/@babel+parser@7.28.0/node_modules/@babel/parser/lib/index.js:9487:18)
      at TypeScriptParserMixin.parseExport (/Users/seanwentz/Desktop/Apex/node_modules/.pnpm/@babel+parser@7.28.0/node_modules/@babel/parser/lib/index.js:13828:25)
      at TypeScriptParserMixin.parseExport (/Users/seanwentz/Desktop/Apex/node_modules/.pnpm/@babel+parser@7.28.0/node_modules/@babel/parser/lib/index.js:9470:20)
      at TypeScriptParserMixin.parseStatementContent (/Users/seanwentz/Desktop/Apex/node_modules/.pnpm/@babel+parser@7.28.0/node_modules/@babel/parser/lib/index.js:12878:27)
      at TypeScriptParserMixin.parseStatementContent (/Users/seanwentz/Desktop/Apex/node_modules/.pnpm/@babel+parser@7.28.0/node_modules/@babel/parser/lib/index.js:9527:18)
      at TypeScriptParserMixin.parseStatementLike (/Users/seanwentz/Desktop/Apex/node_modules/.pnpm/@babel+parser@7.28.0/node_modules/@babel/parser/lib/index.js:12767:17)
      at TypeScriptParserMixin.parseModuleItem (/Users/seanwentz/Desktop/Apex/node_modules/.pnpm/@babel+parser@7.28.0/node_modules/@babel/parser/lib/index.js:12744:17)
      at TypeScriptParserMixin.parseBlockOrModuleBlockBody (/Users/seanwentz/Desktop/Apex/node_modules/.pnpm/@babel+parser@7.28.0/node_modules/@babel/parser/lib/index.js:13316:36)
      at TypeScriptParserMixin.parseBlockBody (/Users/seanwentz/Desktop/Apex/node_modules/.pnpm/@babel+parser@7.28.0/node_modules/@babel/parser/lib/index.js:13309:10)
      at TypeScriptParserMixin.parseProgram (/Users/seanwentz/Desktop/Apex/node_modules/.pnpm/@babel+parser@7.28.0/node_modules/@babel/parser/lib/index.js:12625:10)
      at TypeScriptParserMixin.parseTopLevel (/Users/seanwentz/Desktop/Apex/node_modules/.pnpm/@babel+parser@7.28.0/node_modules/@babel/parser/lib/index.js:12615:25)
      at TypeScriptParserMixin.parse (/Users/seanwentz/Desktop/Apex/node_modules/.pnpm/@babel+parser@7.28.0/node_modules/@babel/parser/lib/index.js:14492:10)
      at TypeScriptParserMixin.parse (/Users/seanwentz/Desktop/Apex/node_modules/.pnpm/@babel+parser@7.28.0/node_modules/@babel/parser/lib/index.js:10144:18)
      at parse (/Users/seanwentz/Desktop/Apex/node_modules/.pnpm/@babel+parser@7.28.0/node_modules/@babel/parser/lib/index.js:14526:38)
      at parser (/Users/seanwentz/Desktop/Apex/node_modules/.pnpm/@babel+core@7.28.0/node_modules/@babel/core/lib/parser/index.js:41:34)
      at parser.next (<anonymous>)
      at normalizeFile (/Users/seanwentz/Desktop/Apex/node_modules/.pnpm/@babel+core@7.28.0/node_modules/@babel/core/lib/transformation/normalize-file.js:64:37)
      at normalizeFile.next (<anonymous>)
      at run (/Users/seanwentz/Desktop/Apex/node_modules/.pnpm/@babel+core@7.28.0/node_modules/@babel/core/lib/transformation/index.js:22:50)
      at run.next (<anonymous>)
      at transform (/Users/seanwentz/Desktop/Apex/node_modules/.pnpm/@babel+core@7.28.0/node_modules/@babel/core/lib/transform.js:22:33)
      at transform.next (<anonymous>)
      at step (/Users/seanwentz/Desktop/Apex/node_modules/.pnpm/gensync@1.0.0-beta.2/node_modules/gensync/index.js:261:32)
9:13:37 AM [vite] (client) hmr update /src/components/PlatformMonitoringDashboard.tsx, /src/index.css
9:13:46 AM [vite] (client) hmr update /src/components/PlatformMonitoringDashboard.tsx, /src/index.css
9:14:02 AM [vite] (client) hmr update /src/components/PlatformMonitoringDashboard.tsx, /src/index.css
9:14:08 AM [vite] (client) hmr update /src/components/PlatformMonitoringDashboard.tsx, /src/index.css
9:19:39 AM [vite] http proxy error: /api/health
AggregateError [ECONNREFUSED]: 
    at internalConnectMultiple (node:net:1134:18)
    at afterConnectMultiple (node:net:1715:7)
10:15:30 AM [vite] http proxy error: /api/health
AggregateError [ECONNREFUSED]: 
    at internalConnectMultiple (node:net:1134:18)
    at afterConnectMultiple (node:net:1715:7)
10:19:08 AM [vite] .env changed, restarting server...
10:19:08 AM [vite] server restarted.
12:44:59 PM [vite] .env changed, restarting server...
12:45:00 PM [vite] server restarted.
2:09:46 PM [vite] (client) hmr update /src/contexts/ContactsContext.tsx, /src/index.css
2:09:46 PM [vite] (client) hmr invalidate /src/contexts/ContactsContext.tsx Could not Fast Refresh ("useContacts" export is incompatible). Learn more at https://github.com/vitejs/vite-plugin-react/tree/main/packages/plugin-react#consistent-components-exports
2:09:46 PM [vite] (client) hmr update /src/index.css, /src/App.tsx, /src/pages/CRM.tsx
2:09:55 PM [vite] (client) hmr update /src/contexts/ContactsContext.tsx, /src/index.css
2:09:55 PM [vite] (client) hmr invalidate /src/contexts/ContactsContext.tsx Could not Fast Refresh ("useContacts" export is incompatible). Learn more at https://github.com/vitejs/vite-plugin-react/tree/main/packages/plugin-react#consistent-components-exports
2:09:55 PM [vite] (client) hmr update /src/index.css, /src/App.tsx, /src/pages/CRM.tsx
2:10:07 PM [vite] (client) hmr update /src/pages/CRM.tsx, /src/index.css
2:10:28 PM [vite] (client) hmr update /src/pages/CRM.tsx, /src/index.css
2:10:35 PM [vite] (client) hmr update /src/pages/CRM.tsx, /src/index.css
2:11:06 PM [vite] (client) hmr update /src/pages/CRM.tsx, /src/index.css
2:11:12 PM [vite] (client) hmr update /src/pages/CRM.tsx, /src/index.css
2:11:21 PM [vite] (client) hmr update /src/pages/CRM.tsx, /src/index.css
3:46:15 PM [vite] (client) hmr update /src/pages/CampaignDetails.tsx, /src/index.css
3:47:44 PM [vite] (client) hmr update /src/pages/CampaignDetails.tsx, /src/index.css
3:47:58 PM [vite] (client) hmr update /src/pages/CampaignDetails.tsx, /src/index.css
3:47:58 PM [vite] Internal server error: /Users/seanwentz/Desktop/Apex/apps/frontend/src/pages/CampaignDetails.tsx: Adjacent JSX elements must be wrapped in an enclosing tag. Did you want a JSX fragment <>...</>? (979:14)

  977 |                   </table>
  978 |                 </div>
> 979 |               </CardContent>
      |               ^
  980 |             </Card>
  981 |           </TabsContent>
  982 |
  Plugin: vite:react-babel
  File: /Users/seanwentz/Desktop/Apex/apps/frontend/src/pages/CampaignDetails.tsx:979:14
  977|                    </table>
  978|                  </div>
  979|                </CardContent>
     |                ^
  980|              </Card>
  981|            </TabsContent>
      at constructor (/Users/seanwentz/Desktop/Apex/node_modules/.pnpm/@babel+parser@7.28.0/node_modules/@babel/parser/lib/index.js:367:19)
      at TypeScriptParserMixin.raise (/Users/seanwentz/Desktop/Apex/node_modules/.pnpm/@babel+parser@7.28.0/node_modules/@babel/parser/lib/index.js:6627:19)
      at TypeScriptParserMixin.jsxParseElementAt (/Users/seanwentz/Desktop/Apex/node_modules/.pnpm/@babel+parser@7.28.0/node_modules/@babel/parser/lib/index.js:4772:18)
      at TypeScriptParserMixin.jsxParseElement (/Users/seanwentz/Desktop/Apex/node_modules/.pnpm/@babel+parser@7.28.0/node_modules/@babel/parser/lib/index.js:4779:17)
      at TypeScriptParserMixin.parseExprAtom (/Users/seanwentz/Desktop/Apex/node_modules/.pnpm/@babel+parser@7.28.0/node_modules/@babel/parser/lib/index.js:4789:19)
      at TypeScriptParserMixin.parseExprSubscripts (/Users/seanwentz/Desktop/Apex/node_modules/.pnpm/@babel+parser@7.28.0/node_modules/@babel/parser/lib/index.js:11076:23)
      at TypeScriptParserMixin.parseUpdate (/Users/seanwentz/Desktop/Apex/node_modules/.pnpm/@babel+parser@7.28.0/node_modules/@babel/parser/lib/index.js:11061:21)
      at TypeScriptParserMixin.parseMaybeUnary (/Users/seanwentz/Desktop/Apex/node_modules/.pnpm/@babel+parser@7.28.0/node_modules/@babel/parser/lib/index.js:11041:23)
      at TypeScriptParserMixin.parseMaybeUnary (/Users/seanwentz/Desktop/Apex/node_modules/.pnpm/@babel+parser@7.28.0/node_modules/@babel/parser/lib/index.js:9852:18)
      at TypeScriptParserMixin.parseMaybeUnaryOrPrivate (/Users/seanwentz/Desktop/Apex/node_modules/.pnpm/@babel+parser@7.28.0/node_modules/@babel/parser/lib/index.js:10894:61)
      at TypeScriptParserMixin.parseExprOps (/Users/seanwentz/Desktop/Apex/node_modules/.pnpm/@babel+parser@7.28.0/node_modules/@babel/parser/lib/index.js:10899:23)
      at TypeScriptParserMixin.parseMaybeConditional (/Users/seanwentz/Desktop/Apex/node_modules/.pnpm/@babel+parser@7.28.0/node_modules/@babel/parser/lib/index.js:10876:23)
      at TypeScriptParserMixin.parseMaybeAssign (/Users/seanwentz/Desktop/Apex/node_modules/.pnpm/@babel+parser@7.28.0/node_modules/@babel/parser/lib/index.js:10826:21)
      at /Users/seanwentz/Desktop/Apex/node_modules/.pnpm/@babel+parser@7.28.0/node_modules/@babel/parser/lib/index.js:9790:39
      at TypeScriptParserMixin.tryParse (/Users/seanwentz/Desktop/Apex/node_modules/.pnpm/@babel+parser@7.28.0/node_modules/@babel/parser/lib/index.js:6935:20)
      at TypeScriptParserMixin.parseMaybeAssign (/Users/seanwentz/Desktop/Apex/node_modules/.pnpm/@babel+parser@7.28.0/node_modules/@babel/parser/lib/index.js:9790:18)
      at /Users/seanwentz/Desktop/Apex/node_modules/.pnpm/@babel+parser@7.28.0/node_modules/@babel/parser/lib/index.js:10795:39
      at TypeScriptParserMixin.allowInAnd (/Users/seanwentz/Desktop/Apex/node_modules/.pnpm/@babel+parser@7.28.0/node_modules/@babel/parser/lib/index.js:12427:12)
      at TypeScriptParserMixin.parseMaybeAssignAllowIn (/Users/seanwentz/Desktop/Apex/node_modules/.pnpm/@babel+parser@7.28.0/node_modules/@babel/parser/lib/index.js:10795:17)
      at TypeScriptParserMixin.parseMaybeAssignAllowInOrVoidPattern (/Users/seanwentz/Desktop/Apex/node_modules/.pnpm/@babel+parser@7.28.0/node_modules/@babel/parser/lib/index.js:12494:17)
      at TypeScriptParserMixin.parseParenAndDistinguishExpression (/Users/seanwentz/Desktop/Apex/node_modules/.pnpm/@babel+parser@7.28.0/node_modules/@babel/parser/lib/index.js:11674:28)
      at TypeScriptParserMixin.parseExprAtom (/Users/seanwentz/Desktop/Apex/node_modules/.pnpm/@babel+parser@7.28.0/node_modules/@babel/parser/lib/index.js:11326:23)
      at TypeScriptParserMixin.parseExprAtom (/Users/seanwentz/Desktop/Apex/node_modules/.pnpm/@babel+parser@7.28.0/node_modules/@babel/parser/lib/index.js:4794:20)
      at TypeScriptParserMixin.parseExprSubscripts (/Users/seanwentz/Desktop/Apex/node_modules/.pnpm/@babel+parser@7.28.0/node_modules/@babel/parser/lib/index.js:11076:23)
      at TypeScriptParserMixin.parseUpdate (/Users/seanwentz/Desktop/Apex/node_modules/.pnpm/@babel+parser@7.28.0/node_modules/@babel/parser/lib/index.js:11061:21)
      at TypeScriptParserMixin.parseMaybeUnary (/Users/seanwentz/Desktop/Apex/node_modules/.pnpm/@babel+parser@7.28.0/node_modules/@babel/parser/lib/index.js:11041:23)
      at TypeScriptParserMixin.parseMaybeUnary (/Users/seanwentz/Desktop/Apex/node_modules/.pnpm/@babel+parser@7.28.0/node_modules/@babel/parser/lib/index.js:9852:18)
      at TypeScriptParserMixin.parseMaybeUnaryOrPrivate (/Users/seanwentz/Desktop/Apex/node_modules/.pnpm/@babel+parser@7.28.0/node_modules/@babel/parser/lib/index.js:10894:61)
      at TypeScriptParserMixin.parseExprOps (/Users/seanwentz/Desktop/Apex/node_modules/.pnpm/@babel+parser@7.28.0/node_modules/@babel/parser/lib/index.js:10899:23)
      at TypeScriptParserMixin.parseMaybeConditional (/Users/seanwentz/Desktop/Apex/node_modules/.pnpm/@babel+parser@7.28.0/node_modules/@babel/parser/lib/index.js:10876:23)
      at TypeScriptParserMixin.parseMaybeAssign (/Users/seanwentz/Desktop/Apex/node_modules/.pnpm/@babel+parser@7.28.0/node_modules/@babel/parser/lib/index.js:10826:21)
      at TypeScriptParserMixin.parseMaybeAssign (/Users/seanwentz/Desktop/Apex/node_modules/.pnpm/@babel+parser@7.28.0/node_modules/@babel/parser/lib/index.js:9801:20)
      at TypeScriptParserMixin.parseConditional (/Users/seanwentz/Desktop/Apex/node_modules/.pnpm/@babel+parser@7.28.0/node_modules/@babel/parser/lib/index.js:10888:29)
      at TypeScriptParserMixin.parseConditional (/Users/seanwentz/Desktop/Apex/node_modules/.pnpm/@babel+parser@7.28.0/node_modules/@babel/parser/lib/index.js:9626:18)
      at TypeScriptParserMixin.parseMaybeConditional (/Users/seanwentz/Desktop/Apex/node_modules/.pnpm/@babel+parser@7.28.0/node_modules/@babel/parser/lib/index.js:10880:17)
      at TypeScriptParserMixin.parseMaybeAssign (/Users/seanwentz/Desktop/Apex/node_modules/.pnpm/@babel+parser@7.28.0/node_modules/@babel/parser/lib/index.js:10826:21)
      at TypeScriptParserMixin.parseMaybeAssign (/Users/seanwentz/Desktop/Apex/node_modules/.pnpm/@babel+parser@7.28.0/node_modules/@babel/parser/lib/index.js:9801:20)
      at TypeScriptParserMixin.parseConditional (/Users/seanwentz/Desktop/Apex/node_modules/.pnpm/@babel+parser@7.28.0/node_modules/@babel/parser/lib/index.js:10888:29)
      at TypeScriptParserMixin.parseConditional (/Users/seanwentz/Desktop/Apex/node_modules/.pnpm/@babel+parser@7.28.0/node_modules/@babel/parser/lib/index.js:9626:18)
      at TypeScriptParserMixin.parseMaybeConditional (/Users/seanwentz/Desktop/Apex/node_modules/.pnpm/@babel+parser@7.28.0/node_modules/@babel/parser/lib/index.js:10880:17)
      at TypeScriptParserMixin.parseMaybeAssign (/Users/seanwentz/Desktop/Apex/node_modules/.pnpm/@babel+parser@7.28.0/node_modules/@babel/parser/lib/index.js:10826:21)
      at TypeScriptParserMixin.parseMaybeAssign (/Users/seanwentz/Desktop/Apex/node_modules/.pnpm/@babel+parser@7.28.0/node_modules/@babel/parser/lib/index.js:9801:20)
      at TypeScriptParserMixin.parseExpressionBase (/Users/seanwentz/Desktop/Apex/node_modules/.pnpm/@babel+parser@7.28.0/node_modules/@babel/parser/lib/index.js:10779:23)
      at /Users/seanwentz/Desktop/Apex/node_modules/.pnpm/@babel+parser@7.28.0/node_modules/@babel/parser/lib/index.js:10775:39
      at TypeScriptParserMixin.allowInAnd (/Users/seanwentz/Desktop/Apex/node_modules/.pnpm/@babel+parser@7.28.0/node_modules/@babel/parser/lib/index.js:12427:12)
      at TypeScriptParserMixin.parseExpression (/Users/seanwentz/Desktop/Apex/node_modules/.pnpm/@babel+parser@7.28.0/node_modules/@babel/parser/lib/index.js:10775:17)
      at TypeScriptParserMixin.jsxParseExpressionContainer (/Users/seanwentz/Desktop/Apex/node_modules/.pnpm/@babel+parser@7.28.0/node_modules/@babel/parser/lib/index.js:4662:31)
      at TypeScriptParserMixin.jsxParseElementAt (/Users/seanwentz/Desktop/Apex/node_modules/.pnpm/@babel+parser@7.28.0/node_modules/@babel/parser/lib/index.js:4741:36)
      at TypeScriptParserMixin.jsxParseElementAt (/Users/seanwentz/Desktop/Apex/node_modules/.pnpm/@babel+parser@7.28.0/node_modules/@babel/parser/lib/index.js:4728:32)
      at TypeScriptParserMixin.jsxParseElementAt (/Users/seanwentz/Desktop/Apex/node_modules/.pnpm/@babel+parser@7.28.0/node_modules/@babel/parser/lib/index.js:4728:32)
3:48:03 PM [vite] (client) hmr update /src/pages/CampaignDetails.tsx, /src/index.css
3:49:52 PM [vite] (client) hmr update /src/pages/CampaignDetails.tsx, /src/index.css
3:52:32 PM [vite] (client) hmr update /src/index.css, /src/pages/CallDetails.tsx
3:55:23 PM [vite] (client) hmr update /src/pages/CampaignDetails.tsx, /src/index.css
3:55:32 PM [vite] (client) hmr update /src/pages/CampaignDetails.tsx, /src/index.css
3:55:41 PM [vite] (client) hmr update /src/pages/CampaignDetails.tsx, /src/index.css
3:58:11 PM [vite] (client) hmr update /src/services/dev-auth.tsx, /src/index.css
3:58:12 PM [vite] (client) hmr invalidate /src/services/dev-auth.tsx Could not Fast Refresh ("useAuth" export is incompatible). Learn more at https://github.com/vitejs/vite-plugin-react/tree/main/packages/plugin-react#consistent-components-exports
3:58:12 PM [vite] (client) page reload src/services/dev-auth.tsx
4:23:59 PM [vite] (client) hmr update /src/pages/CampaignDetails.tsx, /src/index.css
4:26:00 PM [vite] (client) hmr update /src/pages/CampaignDetails.tsx, /src/index.css
4:27:28 PM [vite] (client) hmr update /src/components/CallLogDetailsModal.tsx, /src/index.css
4:30:35 PM [vite] (client) hmr update /src/pages/CampaignDetails.tsx, /src/index.css
4:30:44 PM [vite] (client) hmr update /src/components/CallLogDetailsModal.tsx, /src/index.css
4:31:02 PM [vite] (client) hmr update /src/components/CallLogDetailsModal.tsx, /src/index.css
4:31:15 PM [vite] (client) hmr update /src/index.css
4:41:51 PM [vite] (client) hmr update /src/components/CallLogDetailsModal.tsx, /src/index.css
4:42:05 PM [vite] (client) hmr update /src/components/CallLogDetailsModal.tsx, /src/index.css
4:42:14 PM [vite] (client) hmr update /src/components/CallLogDetailsModal.tsx, /src/index.css
4:42:24 PM [vite] (client) hmr update /src/components/CallLogDetailsModal.tsx, /src/index.css
4:42:33 PM [vite] (client) hmr update /src/components/CallLogDetailsModal.tsx, /src/index.css
4:47:07 PM [vite] (client) page reload test-audio-seek.html
4:47:07 PM [vite] (client) page reload test-audio-seek.html
4:47:15 PM [vite] (client) hmr update /src/components/CallLogDetailsModal.tsx, /src/index.css
4:47:29 PM [vite] (client) hmr update /src/components/CallLogDetailsModal.tsx, /src/index.css
4:47:36 PM [vite] (client) hmr update /src/components/CallLogDetailsModal.tsx, /src/index.css
4:47:53 PM [vite] (client) hmr update /src/components/CallLogDetailsModal.tsx, /src/index.css
4:48:04 PM [vite] (client) hmr update /src/components/CallLogDetailsModal.tsx, /src/index.css
4:48:12 PM [vite] (client) hmr update /src/components/CallLogDetailsModal.tsx, /src/index.css
4:48:20 PM [vite] (client) hmr update /src/pages/CampaignDetails.tsx, /src/index.css
5:02:03 PM [vite] (client) hmr update /src/components/CallLogDetailsModal.tsx, /src/index.css
5:02:21 PM [vite] (client) hmr update /src/components/CallLogDetailsModal.tsx, /src/index.css
5:02:42 PM [vite] (client) hmr update /src/components/CallLogDetailsModal.tsx, /src/index.css
5:02:56 PM [vite] (client) hmr update /src/components/CallLogDetailsModal.tsx, /src/index.css
5:03:07 PM [vite] (client) hmr update /src/components/CallLogDetailsModal.tsx, /src/index.css
5:03:16 PM [vite] (client) hmr update /src/components/CallLogDetailsModal.tsx, /src/index.css
5:14:18 PM [vite] (client) hmr update /src/components/CallLogDetailsModal.tsx, /src/index.css
5:14:30 PM [vite] (client) hmr update /src/components/CallLogDetailsModal.tsx, /src/index.css
5:14:45 PM [vite] (client) hmr update /src/components/CallLogDetailsModal.tsx, /src/index.css
5:14:45 PM [vite] Internal server error: /Users/seanwentz/Desktop/Apex/apps/frontend/src/components/CallLogDetailsModal.tsx: Unterminated JSX contents. (1384:10)

  1382 |         </div>
  1383 |       </div>
> 1384 |     </div>
       |           ^
  1385 |   );
  1386 | };
  1387 |
  Plugin: vite:react-babel
  File: /Users/seanwentz/Desktop/Apex/apps/frontend/src/components/CallLogDetailsModal.tsx:1384:10
  1382|          </div>
  1383|        </div>
  1384|      </div>
     |            ^
  1385|    );
  1386|  };
      at constructor (/Users/seanwentz/Desktop/Apex/node_modules/.pnpm/@babel+parser@7.28.0/node_modules/@babel/parser/lib/index.js:367:19)
      at TypeScriptParserMixin.raise (/Users/seanwentz/Desktop/Apex/node_modules/.pnpm/@babel+parser@7.28.0/node_modules/@babel/parser/lib/index.js:6627:19)
      at TypeScriptParserMixin.jsxReadToken (/Users/seanwentz/Desktop/Apex/node_modules/.pnpm/@babel+parser@7.28.0/node_modules/@babel/parser/lib/index.js:4478:20)
      at TypeScriptParserMixin.getTokenFromCode (/Users/seanwentz/Desktop/Apex/node_modules/.pnpm/@babel+parser@7.28.0/node_modules/@babel/parser/lib/index.js:4804:12)
      at TypeScriptParserMixin.getTokenFromCode (/Users/seanwentz/Desktop/Apex/node_modules/.pnpm/@babel+parser@7.28.0/node_modules/@babel/parser/lib/index.js:10004:11)
      at TypeScriptParserMixin.nextToken (/Users/seanwentz/Desktop/Apex/node_modules/.pnpm/@babel+parser@7.28.0/node_modules/@babel/parser/lib/index.js:5810:10)
      at TypeScriptParserMixin.next (/Users/seanwentz/Desktop/Apex/node_modules/.pnpm/@babel+parser@7.28.0/node_modules/@babel/parser/lib/index.js:5720:10)
      at TypeScriptParserMixin.eat (/Users/seanwentz/Desktop/Apex/node_modules/.pnpm/@babel+parser@7.28.0/node_modules/@babel/parser/lib/index.js:5724:12)
      at TypeScriptParserMixin.expect (/Users/seanwentz/Desktop/Apex/node_modules/.pnpm/@babel+parser@7.28.0/node_modules/@babel/parser/lib/index.js:6926:15)
      at TypeScriptParserMixin.jsxParseClosingElementAt (/Users/seanwentz/Desktop/Apex/node_modules/.pnpm/@babel+parser@7.28.0/node_modules/@babel/parser/lib/index.js:4710:10)
      at TypeScriptParserMixin.jsxParseElementAt (/Users/seanwentz/Desktop/Apex/node_modules/.pnpm/@babel+parser@7.28.0/node_modules/@babel/parser/lib/index.js:4725:37)
      at TypeScriptParserMixin.jsxParseElementAt (/Users/seanwentz/Desktop/Apex/node_modules/.pnpm/@babel+parser@7.28.0/node_modules/@babel/parser/lib/index.js:4728:32)
      at TypeScriptParserMixin.jsxParseElement (/Users/seanwentz/Desktop/Apex/node_modules/.pnpm/@babel+parser@7.28.0/node_modules/@babel/parser/lib/index.js:4779:17)
      at TypeScriptParserMixin.parseExprAtom (/Users/seanwentz/Desktop/Apex/node_modules/.pnpm/@babel+parser@7.28.0/node_modules/@babel/parser/lib/index.js:4789:19)
      at TypeScriptParserMixin.parseExprSubscripts (/Users/seanwentz/Desktop/Apex/node_modules/.pnpm/@babel+parser@7.28.0/node_modules/@babel/parser/lib/index.js:11076:23)
      at TypeScriptParserMixin.parseUpdate (/Users/seanwentz/Desktop/Apex/node_modules/.pnpm/@babel+parser@7.28.0/node_modules/@babel/parser/lib/index.js:11061:21)
      at TypeScriptParserMixin.parseMaybeUnary (/Users/seanwentz/Desktop/Apex/node_modules/.pnpm/@babel+parser@7.28.0/node_modules/@babel/parser/lib/index.js:11041:23)
      at TypeScriptParserMixin.parseMaybeUnary (/Users/seanwentz/Desktop/Apex/node_modules/.pnpm/@babel+parser@7.28.0/node_modules/@babel/parser/lib/index.js:9852:18)
      at TypeScriptParserMixin.parseMaybeUnaryOrPrivate (/Users/seanwentz/Desktop/Apex/node_modules/.pnpm/@babel+parser@7.28.0/node_modules/@babel/parser/lib/index.js:10894:61)
      at TypeScriptParserMixin.parseExprOps (/Users/seanwentz/Desktop/Apex/node_modules/.pnpm/@babel+parser@7.28.0/node_modules/@babel/parser/lib/index.js:10899:23)
      at TypeScriptParserMixin.parseMaybeConditional (/Users/seanwentz/Desktop/Apex/node_modules/.pnpm/@babel+parser@7.28.0/node_modules/@babel/parser/lib/index.js:10876:23)
      at TypeScriptParserMixin.parseMaybeAssign (/Users/seanwentz/Desktop/Apex/node_modules/.pnpm/@babel+parser@7.28.0/node_modules/@babel/parser/lib/index.js:10826:21)
      at /Users/seanwentz/Desktop/Apex/node_modules/.pnpm/@babel+parser@7.28.0/node_modules/@babel/parser/lib/index.js:9790:39
      at TypeScriptParserMixin.tryParse (/Users/seanwentz/Desktop/Apex/node_modules/.pnpm/@babel+parser@7.28.0/node_modules/@babel/parser/lib/index.js:6935:20)
      at TypeScriptParserMixin.parseMaybeAssign (/Users/seanwentz/Desktop/Apex/node_modules/.pnpm/@babel+parser@7.28.0/node_modules/@babel/parser/lib/index.js:9790:18)
      at /Users/seanwentz/Desktop/Apex/node_modules/.pnpm/@babel+parser@7.28.0/node_modules/@babel/parser/lib/index.js:10795:39
      at TypeScriptParserMixin.allowInAnd (/Users/seanwentz/Desktop/Apex/node_modules/.pnpm/@babel+parser@7.28.0/node_modules/@babel/parser/lib/index.js:12427:12)
      at TypeScriptParserMixin.parseMaybeAssignAllowIn (/Users/seanwentz/Desktop/Apex/node_modules/.pnpm/@babel+parser@7.28.0/node_modules/@babel/parser/lib/index.js:10795:17)
      at TypeScriptParserMixin.parseMaybeAssignAllowInOrVoidPattern (/Users/seanwentz/Desktop/Apex/node_modules/.pnpm/@babel+parser@7.28.0/node_modules/@babel/parser/lib/index.js:12494:17)
      at TypeScriptParserMixin.parseParenAndDistinguishExpression (/Users/seanwentz/Desktop/Apex/node_modules/.pnpm/@babel+parser@7.28.0/node_modules/@babel/parser/lib/index.js:11674:28)
      at TypeScriptParserMixin.parseExprAtom (/Users/seanwentz/Desktop/Apex/node_modules/.pnpm/@babel+parser@7.28.0/node_modules/@babel/parser/lib/index.js:11326:23)
      at TypeScriptParserMixin.parseExprAtom (/Users/seanwentz/Desktop/Apex/node_modules/.pnpm/@babel+parser@7.28.0/node_modules/@babel/parser/lib/index.js:4794:20)
      at TypeScriptParserMixin.parseExprSubscripts (/Users/seanwentz/Desktop/Apex/node_modules/.pnpm/@babel+parser@7.28.0/node_modules/@babel/parser/lib/index.js:11076:23)
      at TypeScriptParserMixin.parseUpdate (/Users/seanwentz/Desktop/Apex/node_modules/.pnpm/@babel+parser@7.28.0/node_modules/@babel/parser/lib/index.js:11061:21)
      at TypeScriptParserMixin.parseMaybeUnary (/Users/seanwentz/Desktop/Apex/node_modules/.pnpm/@babel+parser@7.28.0/node_modules/@babel/parser/lib/index.js:11041:23)
      at TypeScriptParserMixin.parseMaybeUnary (/Users/seanwentz/Desktop/Apex/node_modules/.pnpm/@babel+parser@7.28.0/node_modules/@babel/parser/lib/index.js:9852:18)
      at TypeScriptParserMixin.parseMaybeUnaryOrPrivate (/Users/seanwentz/Desktop/Apex/node_modules/.pnpm/@babel+parser@7.28.0/node_modules/@babel/parser/lib/index.js:10894:61)
      at TypeScriptParserMixin.parseExprOps (/Users/seanwentz/Desktop/Apex/node_modules/.pnpm/@babel+parser@7.28.0/node_modules/@babel/parser/lib/index.js:10899:23)
      at TypeScriptParserMixin.parseMaybeConditional (/Users/seanwentz/Desktop/Apex/node_modules/.pnpm/@babel+parser@7.28.0/node_modules/@babel/parser/lib/index.js:10876:23)
      at TypeScriptParserMixin.parseMaybeAssign (/Users/seanwentz/Desktop/Apex/node_modules/.pnpm/@babel+parser@7.28.0/node_modules/@babel/parser/lib/index.js:10826:21)
      at TypeScriptParserMixin.parseMaybeAssign (/Users/seanwentz/Desktop/Apex/node_modules/.pnpm/@babel+parser@7.28.0/node_modules/@babel/parser/lib/index.js:9801:20)
      at TypeScriptParserMixin.parseExpressionBase (/Users/seanwentz/Desktop/Apex/node_modules/.pnpm/@babel+parser@7.28.0/node_modules/@babel/parser/lib/index.js:10779:23)
      at /Users/seanwentz/Desktop/Apex/node_modules/.pnpm/@babel+parser@7.28.0/node_modules/@babel/parser/lib/index.js:10775:39
      at TypeScriptParserMixin.allowInAnd (/Users/seanwentz/Desktop/Apex/node_modules/.pnpm/@babel+parser@7.28.0/node_modules/@babel/parser/lib/index.js:12422:16)
      at TypeScriptParserMixin.parseExpression (/Users/seanwentz/Desktop/Apex/node_modules/.pnpm/@babel+parser@7.28.0/node_modules/@babel/parser/lib/index.js:10775:17)
      at TypeScriptParserMixin.parseReturnStatement (/Users/seanwentz/Desktop/Apex/node_modules/.pnpm/@babel+parser@7.28.0/node_modules/@babel/parser/lib/index.js:13142:28)
      at TypeScriptParserMixin.parseStatementContent (/Users/seanwentz/Desktop/Apex/node_modules/.pnpm/@babel+parser@7.28.0/node_modules/@babel/parser/lib/index.js:12798:21)
      at TypeScriptParserMixin.parseStatementContent (/Users/seanwentz/Desktop/Apex/node_modules/.pnpm/@babel+parser@7.28.0/node_modules/@babel/parser/lib/index.js:9527:18)
      at TypeScriptParserMixin.parseStatementLike (/Users/seanwentz/Desktop/Apex/node_modules/.pnpm/@babel+parser@7.28.0/node_modules/@babel/parser/lib/index.js:12767:17)
      at TypeScriptParserMixin.parseStatementListItem (/Users/seanwentz/Desktop/Apex/node_modules/.pnpm/@babel+parser@7.28.0/node_modules/@babel/parser/lib/index.js:12747:17)
5:14:51 PM [vite] (client) hmr update /src/components/CallLogDetailsModal.tsx, /src/index.css
5:15:16 PM [vite] (client) hmr update /src/components/CallLogDetailsModal.tsx, /src/index.css
11:27:28 AM [vite] (client) hmr update /src/pages/Dashboard.tsx, /src/index.css
11:32:40 AM [vite] (client) hmr update /src/pages/Dashboard.tsx, /src/index.css
11:53:26 AM [vite] (client) hmr update /src/pages/CampaignDetails.tsx, /src/index.css
11:53:32 AM [vite] (client) hmr update /src/pages/CampaignDetails.tsx, /src/index.css
11:53:39 AM [vite] (client) hmr update /src/components/CallLogDetailsModal.tsx, /src/index.css
12:17:29 PM [vite] (client) page reload check-auth-state.html
12:17:30 PM [vite] (client) page reload check-auth-state.html
12:20:14 PM [vite] (client) page reload set-dev-auth.html
12:20:16 PM [vite] (client) page reload set-dev-auth.html
12:20:50 PM [vite] .env changed, restarting server...
12:20:51 PM [vite] server restarted.
 ELIFECYCLE  Command failed.
