🚀 Campaign Lead Creator Started
📊 Monitoring for new campaigns...


📊 Processing campaign: 112
  Found 1 leads in CSV
    Moved existing lead: 447526126716
  ✅ Created 0 new leads, moved 1 existing, skipped 0

📊 Processing campaign: test mm
  Found 1 leads in CSV
    Moved existing lead: 447526126716
  ✅ Created 0 new leads, moved 1 existing, skipped 0

📊 Processing campaign: test 1111
  Found 1 leads in CSV
    Moved existing lead: 447526126716
  ✅ Created 0 new leads, moved 1 existing, skipped 0

📊 Processing campaign: 112
  Found 1 leads in CSV
    Moved existing lead: 447526126716
  ✅ Created 0 new leads, moved 1 existing, skipped 0

📊 Processing campaign: Test 123
  Found 1 leads in CSV
    Moved existing lead: 447526126716
  ✅ Created 0 new leads, moved 1 existing, skipped 0

📊 Processing campaign: Test 11
  Found 1 leads in CSV
    Moved existing lead: 447526126716
  ✅ Created 0 new leads, moved 1 existing, skipped 0

📊 Processing campaign: Test
  Found 1 leads in CSV
  ✅ Created 0 new leads, moved 0 existing, skipped 0

📊 Processing campaign: 112
  Found 1 leads in CSV
  ✅ Created 0 new leads, moved 0 existing, skipped 0

📊 Processing campaign: 112
  Found 1 leads in CSV
  ✅ Created 0 new leads, moved 0 existing, skipped 0

📊 Processing campaign: 111
  Found 1 leads in CSV
  ✅ Created 0 new leads, moved 0 existing, skipped 0

📊 Processing campaign: 877
  Found 1 leads in CSV
  ✅ Created 0 new leads, moved 0 existing, skipped 0

📊 Processing campaign: Test 11
  Found 1 leads in CSV
  ✅ Created 0 new leads, moved 0 existing, skipped 0

📊 Processing campaign: test
  Found 1 leads in CSV
  ✅ Created 0 new leads, moved 0 existing, skipped 0

📊 Processing campaign: Call Test September 20
  Found 1 leads in CSV
  ✅ Created 0 new leads, moved 0 existing, skipped 0

📊 Processing campaign: hh
  Found 1 leads in CSV
  ✅ Created 0 new leads, moved 0 existing, skipped 0

📊 Processing campaign: 112
  Found 1 leads in CSV
  ✅ Created 0 new leads, moved 0 existing, skipped 0
